make all --print-data-base --no-builtin-variables --no-builtin-rules --question
# GNU Make 4.2.1
# Built for x86_64-pc-linux-gnu
# Copyright (C) 1988-2016 Free Software Foundation, Inc.
# License GPLv3+: GNU GPL version 3 or later <http://gnu.org/licenses/gpl.html>
# This is free software: you are free to change and redistribute it.
# There is NO WARRANTY, to the extent permitted by law.

# Make data base, printed on Sun Apr  3 18:49:19 2022

# Variables

# automatic
<D = $(patsubst %/,%,$(dir $<))
# automatic
?F = $(notdir $?)
# default
.SHELLFLAGS := -c
# makefile (from 'Makefile', line 18)
OBJ = $(SRC:$(SRCDIR)/%$(EXT)=$(OBJDIR)/%.o)
# environment
XDG_SESSION_CLASS = user
# environment
VSCODE_AGENT_FOLDER = /home/usuario/.vscode-server
# makefile (from 'Makefile', line 17)
SRC = $(wildcard $(SRCDIR)/*$(EXT))
# environment
XDG_SESSION_TYPE = tty
# environment
VSCODE_LOG_NATIVE = false
# automatic
?D = $(patsubst %/,%,$(dir $?))
# automatic
@D = $(patsubst %/,%,$(dir $@))
# makefile (from 'Makefile', line 25)
EXE = .exe
# automatic
@F = $(notdir $@)
# default
MAKE_VERSION := 4.2.1
# makefile
CURDIR := /home/usuario/aeda/TablaHash
# makefile
SHELL = /bin/sh
# makefile (from 'Makefile', line 21)
RM = rm
# environment
VSCODE_NLS_CONFIG = {"locale":"es","availableLanguages":{"*":"es"},"_languagePackId":"52008e6c8462a436096c40d64a7cb71d.es","_translationsConfigFile":"/home/usuario/.vscode-server/data/clp/52008e6c8462a436096c40d64a7cb71d.es/tcf.json","_cacheRoot":"/home/usuario/.vscode-server/data/clp/52008e6c8462a436096c40d64a7cb71d.es","_resolvedLanguagePackCoreLocation":"/home/usuario/.vscode-server/data/clp/52008e6c8462a436096c40d64a7cb71d.es/e18005f0f1b33c29e81d732535d8c0e47cafb0b5","_corruptedFile":"/home/usuario/.vscode-server/data/clp/52008e6c8462a436096c40d64a7cb71d.es/corrupted.info","_languagePackSupport":true}
# environment
_ = /home/usuario/.vscode-server/bin/e18005f0f1b33c29e81d732535d8c0e47cafb0b5/node
# makefile (from 'main.d', line 1)
MAKEFILE_LIST :=  Makefile main.d
# 'override' directive
GNUMAKEFLAGS := 
# makefile (from 'Makefile', line 7)
CXXFLAGS = -std=c++11 -Wall -g
# environment
XDG_DATA_DIRS = /usr/local/share:/usr/share:/var/lib/snapd/desktop
# environment
DBUS_SESSION_BUS_ADDRESS = unix:path=/run/user/1000/bus
# environment
VSCODE_VERBOSE_LOGGING = true
# makefile (from 'Makefile', line 24)
DEL = del
# environment
LESSOPEN = | /usr/bin/lesspipe %s
# environment
VSCODE_CWD = /home/usuario
# environment
SSH_CONNECTION = 10.20.53.185 63683 10.6.130.55 22
# environment
PATH = /home/usuario/.vscode-server/bin/e18005f0f1b33c29e81d732535d8c0e47cafb0b5/bin/remote-cli:/home/usuario/.local/bin:/usr/local/sbin:/usr/local/bin:/usr/sbin:/usr/bin:/sbin:/bin:/usr/games:/usr/local/games:/snap/bin
# makefile (from 'Makefile', line 19)
DEP = $(OBJ:$(OBJDIR)/%.o=%.d)
# environment
XDG_RUNTIME_DIR = /run/user/1000
# environment
VSCODE_LOG_STACK = false
# environment
VSCODE_IPC_HOOK_CLI = /run/user/1000/vscode-ipc-0125bd8e-c646-4364-9cb3-6686d24fcdcd.sock
# makefile (from 'Makefile', line 8)
LDFLAGS = 
# default
.FEATURES := target-specific order-only second-expansion else-if shortest-stem undefine oneshell archives jobserver output-sync check-symlink load
# environment
LS_COLORS = 
# makefile (from 'Makefile', line 13)
SRCDIR = src
# automatic
%F = $(notdir $%)
# environment
VSCODE_PIPE_LOGGING = true
# environment
PWD = /home/usuario/aeda/TablaHash
# default
.LOADED := 
# automatic
*D = $(patsubst %/,%,$(dir $*))
# environment
VSCODE_AMD_ENTRYPOINT = vs/workbench/api/node/extensionHostProcess
# environment
HOME = /home/usuario
# environment
LESSCLOSE = /usr/bin/lesspipe %s %s
# environment
LOGNAME = usuario
# environment
APPLICATION_INSIGHTS_NO_DIAGNOSTIC_CHANNEL = true
# makefile (from 'Makefile', line 22)
DELOBJ = $(OBJ)
# automatic
+F = $(notdir $+)
# environment
VSCODE_HANDLES_UNCAUGHT_ERRORS = true
# automatic
^D = $(patsubst %/,%,$(dir $^))
# environment
MAKELEVEL := 0
# default
MAKE = $(MAKE_COMMAND)
# default
MAKECMDGOALS := all
# environment
SHLVL = 0
# makefile (from 'Makefile', line 6)
CC = g++
# environment
XDG_SESSION_ID = 144
# environment
USER = usuario
# makefile
.DEFAULT_GOAL := all
# automatic
%D = $(patsubst %/,%,$(dir $%))
# default
MAKE_COMMAND := make
# default
.VARIABLES := 
# automatic
*F = $(notdir $*)
# makefile (from 'Makefile', line 12)
EXT = .cpp
# makefile
MAKEFLAGS = pqrR
# environment
MFLAGS = -pqrR
# environment
SSH_CLIENT = 10.20.53.185 63683 22
# automatic
+D = $(patsubst %/,%,$(dir $+))
# environment
BROWSER = /home/usuario/.vscode-server/bin/e18005f0f1b33c29e81d732535d8c0e47cafb0b5/bin/helpers/browser.sh
# makefile (from 'Makefile', line 11)
APPNAME = main
# default
MAKEFILES := 
# automatic
<F = $(notdir $<)
# makefile (from 'Makefile', line 14)
OBJDIR = obj
# environment
LC_ALL = C
# makefile (from 'Makefile', line 26)
WDELOBJ = $(SRC:$(SRCDIR)/%$(EXT)=$(OBJDIR)\\%.o)
# automatic
^F = $(notdir $^)
# default
SUFFIXES := 
# default
.INCLUDE_DIRS = /usr/include /usr/local/include /usr/include
# default
.RECIPEPREFIX := 
# default
MAKE_HOST := x86_64-pc-linux-gnu
# environment
LANG = C
# environment
VSCODE_EXTHOST_WILL_SEND_SOCKET = true
# environment
MOTD_SHOWN = pam
# variable set hash-table stats:
# Load=84/1024=8%, Rehash=0, Collisions=12/139=9%

# Pattern-specific Variable Values

# No pattern-specific variable values.

# Directories

# . (device 64768, inode 395802): 9 files, no impossibilities.
# src (device 64768, inode 395913): 3 files, no impossibilities.

# 12 files, no impossibilities in 2 directories.

# Implicit Rules

%.d: src/%.cpp
#  recipe to execute (from 'Makefile', line 40):
	@$(CPP) $(CFLAGS) $< -MM -MT $(@:%.d=$(OBJDIR)/%.o) >$@

obj/%.o: src/%.cpp
#  recipe to execute (from 'Makefile', line 47):
	$(CC) $(CXXFLAGS) -o $@ -c $<

# 2 implicit rules, 0 (0.0%) terminal.

# Files

all: main
#  Command line target.
#  Implicit rule search has been done.
#  File does not exist.
#  File has been updated.
#  Needs to be updated (-q is set).
# variable set hash-table stats:
# Load=0/32=0%, Rehash=0, Collisions=0/5=0%

.PHONY: clean cleandep cleanw cleandepw
#  Implicit rule search has not been done.
#  Modification time never checked.
#  File has not been updated.

obj/main.o: src/main.cpp
#  Implicit rule search has been done.
#  Implicit/static pattern stem: 'main'
#  File does not exist.
#  File has been updated.
#  Needs to be updated (-q is set).
# automatic
# @ := obj/main.o
# automatic
# % := 
# automatic
# * := main
# automatic
# + := src/main.cpp
# automatic
# | := 
# automatic
# < := src/main.cpp
# automatic
# ^ := src/main.cpp
# automatic
# ? := src/main.cpp
# variable set hash-table stats:
# Load=8/32=25%, Rehash=0, Collisions=1/15=7%
#  recipe to execute (from 'Makefile', line 47):
	$(CC) $(CXXFLAGS) -o $@ -c $<

# Not a target:
Makefile:
#  Implicit rule search has been done.
#  Last modified 2022-04-03 18:35:47.472586549
#  File has been updated.
#  Successfully updated.

cleanw:
#  Phony target (prerequisite of .PHONY).
#  Implicit rule search has not been done.
#  File does not exist.
#  File has not been updated.
#  recipe to execute (from 'Makefile', line 64):
	$(DEL) $(WDELOBJ) $(DEP) $(APPNAME)$(EXE)

main.d: src/main.cpp
#  Implicit rule search has been done.
#  Implicit/static pattern stem: 'main'
#  Last modified 2022-04-03 18:49:19.466965589
#  File has been updated.
#  Successfully updated.
#  recipe to execute (from 'Makefile', line 40):
	@$(CPP) $(CFLAGS) $< -MM -MT $(@:%.d=$(OBJDIR)/%.o) >$@

# Not a target:
.DEFAULT:
#  Implicit rule search has not been done.
#  Modification time never checked.
#  File has not been updated.

 
cleandep:
#  Phony target (prerequisite of .PHONY).
#  Implicit rule search has not been done.
#  File does not exist.
#  File has not been updated.
#  recipe to execute (from 'Makefile', line 58):
	$(RM) $(DEP)

cleandepw:
#  Phony target (prerequisite of .PHONY).
#  Implicit rule search has not been done.
#  File does not exist.
#  File has not been updated.
#  recipe to execute (from 'Makefile', line 69):
	$(DEL) $(DEP)

clean:
#  Phony target (prerequisite of .PHONY).
#  Implicit rule search has not been done.
#  File does not exist.
#  File has not been updated.
#  recipe to execute (from 'Makefile', line 53):
	$(RM) $(DELOBJ) $(DEP) $(APPNAME)

# Not a target:
src/main.cpp:
#  Implicit rule search has been done.
#  Last modified 2022-04-03 18:48:55.410536927
#  File has been updated.
#  Successfully updated.

main: obj/main.o
#  Implicit rule search has not been done.
#  File does not exist.
#  File has been updated.
#  Needs to be updated (-q is set).
# variable set hash-table stats:
# Load=0/32=0%, Rehash=0, Collisions=0/5=0%
#  recipe to execute (from 'Makefile', line 36):
	$(CC) $(CXXFLAGS) -o $@ $^ $(LDFLAGS)

# files hash-table stats:
# Load=13/1024=1%, Rehash=0, Collisions=0/45=0%
# VPATH Search Paths

# No 'vpath' search paths.

# No general ('VPATH' variable) search path.

# strcache buffers: 1 (0) / strings = 26 / storage = 204 B / avg = 7 B
# current buf: size = 8162 B / used = 204 B / count = 26 / avg = 7 B

# strcache performance: lookups = 60 / hit rate = 56%
# hash-table stats:
# Load=26/8192=0%, Rehash=0, Collisions=2/60=3%
# Finished Make data base on Sun Apr  3 18:49:19 2022

 
